Build started 2015/6/4 오후 07:45:35.
     1>Project "F:\cocos2d-x-2.2.3\template\multi\proj.win32\HelloCpp.vcxproj" on node 2 (Build target(s)).
     1>ClCompile:
         C:\Program Files\Microsoft Visual Studio 11.0\VC\bin\CL.exe /c /I"F:\cocos2d-x-2.2.3\template\multi\proj.win32\..\..\..\cocos2dx" /I"F:\cocos2d-x-2.2.3\template\multi\proj.win32\..\..\..\cocos2dx\include" /I"F:\cocos2d-x-2.2.3\template\multi\proj.win32\..\..\..\cocos2dx\kazmath\include" /I"F:\cocos2d-x-2.2.3\template\multi\proj.win32\..\..\..\cocos2dx\platform\win32" /I"F:\cocos2d-x-2.2.3\template\multi\proj.win32\..\..\..\cocos2dx\platform\third_party\win32" /I"F:\cocos2d-x-2.2.3\template\multi\proj.win32\..\..\..\cocos2dx\platform\third_party\win32\OGLES" /I"F:\cocos2d-x-2.2.3\template\multi\proj.win32\..\..\..\external" /I"F:\cocos2d-x-2.2.3\template\multi\proj.win32\..\..\..\external\chipmunk\include\chipmunk" /I"F:\cocos2d-x-2.2.3\template\multi\proj.win32\..\..\..\CocosDenshion\include" /I"F:\cocos2d-x-2.2.3\template\multi\proj.win32\..\..\..\extensions" /I..\Classes /I.. /ZI /nologo /W3 /WX- /Od /Oy- /D WIN32 /D _DEBUG /D _WINDOWS /D _USE_MATH_DEFINES /D GL_GLEXT_PROTOTYPES /D CC_ENABLE_CHIPMUNK_INTEGRATION=1 /D COCOS2D_DEBUG=1 /D _CRT_SECURE_NO_WARNINGS /D _SCL_SECURE_NO_WARNINGS /D _UNICODE /D UNICODE /Gm /EHsc /RTC1 /MDd /GS /fp:precise /Zc:wchar_t /Zc:forScope /Fo"Debug.win32\\" /Fd"Debug.win32\vc110.pdb" /Gd /TP /wd4267 /wd4251 /wd4244 /analyze- /errorReport:prompt ..\Classes\HelloWorldScene.cpp
         HelloWorldScene.cpp
     1>f:\cocos2d-x-2.2.3\cocos2dx\particle_nodes\ccparticlesystemquad.h : warning C4819: The file contains a character that cannot be represented in the current code page (950). Save the file in Unicode format to prevent data loss
       PreLinkEvent:
         if not exist "F:\cocos2d-x-2.2.3\template\multi\proj.win32\Debug.win32\" mkdir "F:\cocos2d-x-2.2.3\template\multi\proj.win32\Debug.win32\"
         xcopy /Y /Q "F:\cocos2d-x-2.2.3\template\multi\proj.win32\..\..\..\external\libwebsockets\win32\lib\*.*" "F:\cocos2d-x-2.2.3\template\multi\proj.win32\Debug.win32\"
         :VCEnd
         2 File(s) copied
       Link:
         C:\Program Files\Microsoft Visual Studio 11.0\VC\bin\link.exe /ERRORREPORT:PROMPT /OUT:"F:\cocos2d-x-2.2.3\template\multi\proj.win32\Debug.win32\HelloCpp.exe" /INCREMENTAL /NOLOGO /LIBPATH:"F:\cocos2d-x-2.2.3\template\multi\proj.win32\Debug.win32\\" libExtensions.lib libcocos2d.lib libCocosDenshion.lib opengl32.lib glew32.lib libBox2d.lib libchipmunk.lib libcurl_imp.lib pthreadVCE2.lib websockets.lib kernel32.lib user32.lib gdi32.lib winspool.lib comdlg32.lib advapi32.lib shell32.lib ole32.lib oleaut32.lib uuid.lib odbc32.lib odbccp32.lib /MANIFEST /MANIFESTUAC:"level='asInvoker' uiAccess='false'" /manifest:embed /DEBUG /PDB:"F:\cocos2d-x-2.2.3\template\multi\proj.win32\Debug.win32\HelloCpp.pdb" /SUBSYSTEM:WINDOWS /TLBID:1 /DYNAMICBASE /NXCOMPAT /IMPLIB:"F:\cocos2d-x-2.2.3\template\multi\proj.win32\Debug.win32\HelloCpp.lib" /MACHINE:X86 /SAFESEH Debug.win32\AppDelegate.obj
         Debug.win32\HelloWorldScene.obj
         Debug.win32\main.obj
         "F:\cocos2d-x-2.2.3\template\multi\proj.win32\Debug.win32\libcocos2d.lib"
         "F:\cocos2d-x-2.2.3\template\multi\proj.win32\Debug.win32\libCocosDenshion.lib"
         "F:\cocos2d-x-2.2.3\template\multi\proj.win32\Debug.win32\libExtensions.lib"
         "F:\cocos2d-x-2.2.3\template\multi\proj.win32\Debug.win32\libBox2D.lib"
         "F:\cocos2d-x-2.2.3\template\multi\proj.win32\Debug.win32\libchipmunk.lib"
         HelloCpp.vcxproj -> F:\cocos2d-x-2.2.3\template\multi\proj.win32\Debug.win32\HelloCpp.exe
     1>Done Building Project "F:\cocos2d-x-2.2.3\template\multi\proj.win32\HelloCpp.vcxproj" (Build target(s)).

Build succeeded.

Time Elapsed 00:00:04.89
